Arguments: 
  /usr/local/bin/node /usr/local/Cellar/yarn/1.5.1_1/libexec/bin/yarn.js test

PATH: 
  /Library/Frameworks/Python.framework/Versions/3.7/bin:/Library/Frameworks/Python.framework/Versions/3.6/bin:/Users/local-kieu/.rvm/gems/ruby-2.5.0/bin:/Users/local-kieu/.rvm/gems/ruby-2.5.0@global/bin:/Users/local-kieu/.rvm/rubies/ruby-2.5.0/bin:/opt/local/bin:/opt/local/sbin:/usr/local/bin:/opt/local/bin:/opt/local/sbin:/usr/local/opt/imagemagick@6/bin:/usr/local/bin:/usr/bin:/bin:/usr/sbin:/sbin:/opt/X11/bin:/Applications/Postgres.app/Contents/Versions/latest/bin:/Library/Frameworks/Python.framework/Versions/3.7/bin:/Library/Frameworks/Python.framework/Versions/3.6/bin:/Users/local-kieu/.rvm/gems/ruby-2.5.0/bin:/Users/local-kieu/.rvm/gems/ruby-2.5.0@global/bin:/Users/local-kieu/.rvm/rubies/ruby-2.5.0/bin:/opt/local/bin:/opt/local/sbin:/usr/local/opt/imagemagick@6/bin:/usr/local/git/bin:/Users/local-kieu/.rvm/rubies/ruby-2.4.2/bin:/Users/local-kieu/chromedriver:/Users/local-kieu/.rvm/bin:/usr/local/mysql/bin:/usr/local/mongodb/bin:/Users/local-kieu/android/android-sdk-macosx/tools:/Users/local-kieu/android/android-sdk-macosx/tools/bin:/Users/local-kieu/android/android-sdk-macosx/platform-tools:/Users/local-kieu/android/android_studio/gradle/2015/download/gradle-2.9//bin:/usr/local/bin:/usr/local/git/bin:/Users/local-kieu/.rvm/rubies/ruby-2.4.2/bin:/Users/local-kieu/chromedriver:/Users/local-kieu/.rvm/bin:/Users/local-kieu/.rvm/bin:/usr/local/mysql/bin:/usr/local/mongodb/bin:/Users/local-kieu/android/android-sdk-macosx/tools:/Users/local-kieu/android/android-sdk-macosx/tools/bin:/Users/local-kieu/android/android-sdk-macosx/platform-tools:/Users/local-kieu/android/android_studio/gradle/2015/download/gradle-2.9//bin

Yarn version: 
  1.5.1

Node version: 
  9.11.1

Platform: 
  darwin x64

npm manifest: 
  {
    "name": "testing",
    "version": "1.0.0",
    "description": "This package for using jest to run javascript tests.",
    "main": "math-test.js",
    "scripts": {
      "test": "echo \"Error: no test specified\" && exit 1"
    },
     "scripts": { "test": "jest" },
    "author": "",
    "license": "ISC"
  }

yarn manifest: 
  No manifest

Lockfile: 
  No lockfile

Trace: 
  Error: Command failed.
  Exit code: 1
  Command: sh
  Arguments: -c jest
  Directory: /Users/local-kieu/Exercism/python/poker/javascript/testing
  Output:
  
      at ProcessTermError.MessageError (/usr/local/Cellar/yarn/1.5.1_1/libexec/lib/cli.js:186:110)
      at new ProcessTermError (/usr/local/Cellar/yarn/1.5.1_1/libexec/lib/cli.js:226:113)
      at ChildProcess.<anonymous> (/usr/local/Cellar/yarn/1.5.1_1/libexec/lib/cli.js:30281:17)
      at ChildProcess.emit (events.js:180:13)
      at maybeClose (internal/child_process.js:936:16)
      at Process.ChildProcess._handle.onexit (internal/child_process.js:220:5)
